<?xml version="1.0" encoding="UTF-8"?>
<!-- Generated by org.testng.reporters.JUnitReportReporter -->
<testsuite hostname="DESKTOP-L5ILK17" failures="0" tests="1" name="com.application.testcases.TC05_OpeCart_Add_Product_Cart_Test" time="34.280" errors="0" timestamp="2021-04-21T14:23:58 IST" skipped="0">
  <testcase classname="com.application.testcases.TC05_OpeCart_Add_Product_Cart_Test" name="Login" time="34.280"/>
  <system-out/>
</testsuite> <!-- com.application.testcases.TC05_OpeCart_Add_Product_Cart_Test -->
