<?xml version="1.0" encoding="UTF-8"?>
<!-- Generated by org.testng.reporters.JUnitReportReporter -->
<testsuite hostname="DESKTOP-L5ILK17" failures="0" tests="1" name="com.application.testcases.TC13_OpenCart_Warning_CouponCode" time="42.708" errors="0" timestamp="2021-04-22T16:47:06 IST" skipped="0">
  <testcase classname="com.application.testcases.TC13_OpenCart_Warning_CouponCode" name="Login" time="42.708"/>
  <system-out/>
</testsuite> <!-- com.application.testcases.TC13_OpenCart_Warning_CouponCode -->
