<?xml version="1.0" encoding="UTF-8"?>
<!-- Generated by org.testng.reporters.JUnitReportReporter -->
<testsuite hostname="DESKTOP-L5ILK17" failures="0" tests="1" name="com.application.testcases.TC08_OpenCart_EditAccount" time="38.667" errors="0" timestamp="2021-04-22T17:25:54 IST" skipped="0">
  <testcase classname="com.application.testcases.TC08_OpenCart_EditAccount" name="Login" time="38.667"/>
  <system-out/>
</testsuite> <!-- com.application.testcases.TC08_OpenCart_EditAccount -->
