<?xml version="1.0" encoding="UTF-8"?>
<!-- Generated by org.testng.reporters.JUnitReportReporter -->
<testsuite hostname="DESKTOP-L5ILK17" failures="0" tests="1" name="com.application.testcases.Login_Open_Cart_Test" time="28.349" errors="0" timestamp="2021-04-21T13:49:05 IST" skipped="0">
  <testcase classname="com.application.testcases.Login_Open_Cart_Test" name="Login" time="28.349"/>
  <system-out/>
</testsuite> <!-- com.application.testcases.Login_Open_Cart_Test -->
