<?xml version="1.0" encoding="UTF-8"?>
<!-- Generated by org.testng.reporters.JUnitReportReporter -->
<testsuite hostname="DESKTOP-L5ILK17" failures="0" tests="1" name="com.application.testcases.TC12_OpenCart_Apply_Coupon" time="48.186" errors="0" timestamp="2021-04-22T16:04:35 IST" skipped="0">
  <testcase classname="com.application.testcases.TC12_OpenCart_Apply_Coupon" name="Login" time="48.186"/>
  <system-out/>
</testsuite> <!-- com.application.testcases.TC12_OpenCart_Apply_Coupon -->
