<?xml version="1.0" encoding="UTF-8"?>
<!-- Generated by org.testng.reporters.JUnitReportReporter -->
<testsuite hostname="DESKTOP-L5ILK17" failures="0" tests="1" name="com.application.testcases.TC03_OpenCart_Login_Test" time="32.450" errors="0" timestamp="2021-04-21T14:05:59 IST" skipped="0">
  <testcase classname="com.application.testcases.TC03_OpenCart_Login_Test" name="Login" time="32.450"/>
  <system-out/>
</testsuite> <!-- com.application.testcases.TC03_OpenCart_Login_Test -->
