<?xml version="1.0" encoding="UTF-8"?>
<!-- Generated by org.testng.reporters.JUnitReportReporter -->
<testsuite hostname="DESKTOP-L5ILK17" failures="0" tests="1" name="com.application.testcases.TC04_VerifyTitle_Test" time="28.647" errors="0" timestamp="2021-04-21T14:11:51 IST" skipped="0">
  <testcase classname="com.application.testcases.TC04_VerifyTitle_Test" name="Login" time="28.647"/>
  <system-out/>
</testsuite> <!-- com.application.testcases.TC04_VerifyTitle_Test -->
