<?xml version="1.0" encoding="UTF-8"?>
<!-- Generated by org.testng.reporters.JUnitReportReporter -->
<testsuite hostname="DESKTOP-L5ILK17" failures="0" tests="1" name="com.application.testcases.TC11_Opencart_Remove_Prod_frmCart_Test" time="41.353" errors="0" timestamp="2021-04-22T15:23:15 IST" skipped="0">
  <testcase classname="com.application.testcases.TC11_Opencart_Remove_Prod_frmCart_Test" name="Login" time="41.353"/>
  <system-out/>
</testsuite> <!-- com.application.testcases.TC11_Opencart_Remove_Prod_frmCart_Test -->
