<?xml version="1.0" encoding="UTF-8"?>
<!-- Generated by org.testng.reporters.JUnitReportReporter -->
<testsuite hostname="DESKTOP-L5ILK17" failures="0" tests="1" name="com.application.testcases.TC10_OpenCart_Search_Iphone" time="48.615" errors="0" timestamp="2021-04-22T18:25:06 IST" skipped="0">
  <testcase classname="com.application.testcases.TC10_OpenCart_Search_Iphone" name="Login" time="48.615"/>
  <system-out/>
</testsuite> <!-- com.application.testcases.TC10_OpenCart_Search_Iphone -->
