<?xml version="1.0" encoding="UTF-8"?>
<!-- Generated by org.testng.reporters.JUnitReportReporter -->
<testsuite hostname="DESKTOP-L5ILK17" failures="0" tests="1" name="com.application.testcases.TC02_VerifyUserNotAbleToCreateAccount_Test" time="53.976" errors="0" timestamp="2021-04-21T13:21:30 IST" skipped="0">
  <testcase classname="com.application.testcases.TC02_VerifyUserNotAbleToCreateAccount_Test" name="Registration_User" time="53.976"/>
  <system-out/>
</testsuite> <!-- com.application.testcases.TC02_VerifyUserNotAbleToCreateAccount_Test -->
