<?xml version="1.0" encoding="UTF-8"?>
<!-- Generated by org.testng.reporters.JUnitReportReporter -->
<testsuite hostname="DESKTOP-L5ILK17" failures="0" tests="1" name="com.application.testcases.TC06_OpenCart_Show_All_Laptops_Notebook_Test" time="53.526" errors="0" timestamp="2021-04-21T16:33:20 IST" skipped="0">
  <testcase classname="com.application.testcases.TC06_OpenCart_Show_All_Laptops_Notebook_Test" name="Login" time="53.526"/>
  <system-out/>
</testsuite> <!-- com.application.testcases.TC06_OpenCart_Show_All_Laptops_Notebook_Test -->
