<?xml version="1.0" encoding="UTF-8"?>
<!-- Generated by org.testng.reporters.JUnitReportReporter -->
<testsuite hostname="DESKTOP-L5ILK17" failures="0" tests="1" name="com.application.testcases.RegisterUser_OpenCart_Test" time="54.826" errors="0" timestamp="2021-04-21T12:14:52 IST" skipped="0">
  <testcase classname="com.application.testcases.RegisterUser_OpenCart_Test" name="Registration_User" time="54.826"/>
  <system-out/>
</testsuite> <!-- com.application.testcases.RegisterUser_OpenCart_Test -->
